<?xml version="1.0" encoding="UTF-8"?>
<testsuite name="com.koshkin.demo.shape.service.service.ShapeHttpServiceTest" tests="9" skipped="0" failures="0" errors="0" timestamp="2016-06-12T15:25:11" hostname="Dimitris-MacBook-Pro-2.local" time="0.017">
  <properties/>
  <testcase name="getRelationshipResponseData0" classname="com.koshkin.demo.shape.service.service.ShapeHttpServiceTest" time="0.005"/>
  <testcase name="getRelationshipResponseData1" classname="com.koshkin.demo.shape.service.service.ShapeHttpServiceTest" time="0.001"/>
  <testcase name="getRelationshipResponseData2" classname="com.koshkin.demo.shape.service.service.ShapeHttpServiceTest" time="0.0"/>
  <testcase name="getRelationshipResponseData3" classname="com.koshkin.demo.shape.service.service.ShapeHttpServiceTest" time="0.0"/>
  <testcase name="getRelationshipResponseDataInvalid1" classname="com.koshkin.demo.shape.service.service.ShapeHttpServiceTest" time="0.001"/>
  <testcase name="getRelationshipResponseDataInvalid2" classname="com.koshkin.demo.shape.service.service.ShapeHttpServiceTest" time="0.001"/>
  <testcase name="getRelationshipResponseDataInvalid3" classname="com.koshkin.demo.shape.service.service.ShapeHttpServiceTest" time="0.0"/>
  <testcase name="getValidResponseData0" classname="com.koshkin.demo.shape.service.service.ShapeHttpServiceTest" time="0.002"/>
  <testcase name="getRelationshipResponseDataInvalid" classname="com.koshkin.demo.shape.service.service.ShapeHttpServiceTest" time="0.001"/>
  <system-out><![CDATA[2016-06-12 11:25:11.398  INFO 3687 --- [    Test worker] o.s.t.c.support.AbstractContextLoader    : Could not detect default resource locations for test class [com.koshkin.demo.shape.service.service.ShapeHttpServiceTest]: no resource found for suffixes {-context.xml, Context.groovy}.
2016-06-12 11:25:11.400  INFO 3687 --- [    Test worker] o.s.t.c.web.WebTestContextBootstrapper   : Loaded default TestExecutionListener class names from location [META-INF/spring.factories]: [org.springframework.test.context.web.ServletTestExecutionListener, org.springframework.test.context.support.DirtiesContextBeforeModesTestExecutionListener, org.springframework.test.context.support.DependencyInjectionTestExecutionListener, org.springframework.test.context.support.DirtiesContextTestExecutionListener, org.springframework.test.context.transaction.TransactionalTestExecutionListener, org.springframework.test.context.jdbc.SqlScriptsTestExecutionListener]
2016-06-12 11:25:11.401  INFO 3687 --- [    Test worker] o.s.t.c.web.WebTestContextBootstrapper   : Could not instantiate TestExecutionListener [org.springframework.test.context.jdbc.SqlScriptsTestExecutionListener]. Specify custom listener classes or make the default listener classes (and their required dependencies) available. Offending class: [org/springframework/transaction/interceptor/TransactionAttribute]
2016-06-12 11:25:11.402  INFO 3687 --- [    Test worker] o.s.t.c.web.WebTestContextBootstrapper   : Could not instantiate TestExecutionListener [org.springframework.test.context.transaction.TransactionalTestExecutionListener]. Specify custom listener classes or make the default listener classes (and their required dependencies) available. Offending class: [org/springframework/transaction/interceptor/TransactionAttributeSource]
2016-06-12 11:25:11.402  INFO 3687 --- [    Test worker] o.s.t.c.web.WebTestContextBootstrapper   : Using TestExecutionListeners: [org.springframework.test.context.web.ServletTestExecutionListener@7f2e839b, org.springframework.test.context.support.DirtiesContextBeforeModesTestExecutionListener@7b0f445c, org.springframework.test.context.support.DependencyInjectionTestExecutionListener@7a0b7d29, org.springframework.test.context.support.DirtiesContextTestExecutionListener@2b01545f]
2016-06-12 11:25:11.417  WARN 3687 --- [    Test worker] c.k.d.s.s.service.ShapeHttpService       : Request requires 2 rectangles
2016-06-12 11:25:11.419  WARN 3687 --- [    Test worker] c.k.d.s.s.service.ShapeHttpService       : Request requires 2 rectangles
2016-06-12 11:25:11.420  WARN 3687 --- [    Test worker] c.k.d.s.s.service.ShapeHttpService       : Request requires 2 rectangles
2016-06-12 11:25:11.422  WARN 3687 --- [    Test worker] c.k.d.s.s.service.ShapeHttpService       : Request requires 2 rectangles
2016-06-12 11:25:11.422  WARN 3687 --- [    Test worker] c.k.d.s.s.service.ShapeHttpService       : Request requires 2 rectangles
2016-06-12 11:25:11.424  WARN 3687 --- [    Test worker] c.k.d.s.s.service.ShapeHttpService       : Request requires 2 rectangles
]]></system-out>
  <system-err><![CDATA[]]></system-err>
</testsuite>
