<?xml version="1.0" encoding="UTF-8"?>
<testsuite name="com.koshkin.demo.shape.service.ShapeServiceApplicationTests" tests="1" skipped="0" failures="0" errors="0" timestamp="2016-06-12T15:25:11" hostname="Dimitris-MacBook-Pro-2.local" time="0.0">
  <properties/>
  <testcase name="contextLoads" classname="com.koshkin.demo.shape.service.ShapeServiceApplicationTests" time="0.0"/>
  <system-out><![CDATA[2016-06-12 11:25:11.442  INFO 3687 --- [    Test worker] o.s.t.c.support.AbstractContextLoader    : Could not detect default resource locations for test class [com.koshkin.demo.shape.service.ShapeServiceApplicationTests]: no resource found for suffixes {-context.xml, Context.groovy}.
2016-06-12 11:25:11.444  INFO 3687 --- [    Test worker] o.s.t.c.web.WebTestContextBootstrapper   : Loaded default TestExecutionListener class names from location [META-INF/spring.factories]: [org.springframework.test.context.web.ServletTestExecutionListener, org.springframework.test.context.support.DirtiesContextBeforeModesTestExecutionListener, org.springframework.test.context.support.DependencyInjectionTestExecutionListener, org.springframework.test.context.support.DirtiesContextTestExecutionListener, org.springframework.test.context.transaction.TransactionalTestExecutionListener, org.springframework.test.context.jdbc.SqlScriptsTestExecutionListener]
2016-06-12 11:25:11.445  INFO 3687 --- [    Test worker] o.s.t.c.web.WebTestContextBootstrapper   : Could not instantiate TestExecutionListener [org.springframework.test.context.jdbc.SqlScriptsTestExecutionListener]. Specify custom listener classes or make the default listener classes (and their required dependencies) available. Offending class: [org/springframework/transaction/interceptor/TransactionAttribute]
2016-06-12 11:25:11.446  INFO 3687 --- [    Test worker] o.s.t.c.web.WebTestContextBootstrapper   : Could not instantiate TestExecutionListener [org.springframework.test.context.transaction.TransactionalTestExecutionListener]. Specify custom listener classes or make the default listener classes (and their required dependencies) available. Offending class: [org/springframework/transaction/interceptor/TransactionAttributeSource]
2016-06-12 11:25:11.446  INFO 3687 --- [    Test worker] o.s.t.c.web.WebTestContextBootstrapper   : Using TestExecutionListeners: [org.springframework.test.context.web.ServletTestExecutionListener@641967c4, org.springframework.test.context.support.DirtiesContextBeforeModesTestExecutionListener@16712ece, org.springframework.test.context.support.DependencyInjectionTestExecutionListener@589002e4, org.springframework.test.context.support.DirtiesContextTestExecutionListener@6758e19]
]]></system-out>
  <system-err><![CDATA[]]></system-err>
</testsuite>
