<?xml version="1.0" encoding="UTF-8"?>
<testsuite name="com.koshkin.demo.shape.service.service.ShapeBuilderServiceTest" tests="4" skipped="0" failures="0" errors="0" timestamp="2016-06-12T15:25:11" hostname="Dimitris-MacBook-Pro-2.local" time="0.005">
  <properties/>
  <testcase name="buildShape1" classname="com.koshkin.demo.shape.service.service.ShapeBuilderServiceTest" time="0.0"/>
  <testcase name="buildShape" classname="com.koshkin.demo.shape.service.service.ShapeBuilderServiceTest" time="0.001"/>
  <testcase name="buildShapeNull" classname="com.koshkin.demo.shape.service.service.ShapeBuilderServiceTest" time="0.0"/>
  <testcase name="buildShapeError" classname="com.koshkin.demo.shape.service.service.ShapeBuilderServiceTest" time="0.001"/>
  <system-out><![CDATA[2016-06-12 11:25:11.377  INFO 3687 --- [    Test worker] o.s.t.c.support.AbstractContextLoader    : Could not detect default resource locations for test class [com.koshkin.demo.shape.service.service.ShapeBuilderServiceTest]: no resource found for suffixes {-context.xml, Context.groovy}.
2016-06-12 11:25:11.381  INFO 3687 --- [    Test worker] o.s.t.c.web.WebTestContextBootstrapper   : Loaded default TestExecutionListener class names from location [META-INF/spring.factories]: [org.springframework.test.context.web.ServletTestExecutionListener, org.springframework.test.context.support.DirtiesContextBeforeModesTestExecutionListener, org.springframework.test.context.support.DependencyInjectionTestExecutionListener, org.springframework.test.context.support.DirtiesContextTestExecutionListener, org.springframework.test.context.transaction.TransactionalTestExecutionListener, org.springframework.test.context.jdbc.SqlScriptsTestExecutionListener]
2016-06-12 11:25:11.382  INFO 3687 --- [    Test worker] o.s.t.c.web.WebTestContextBootstrapper   : Could not instantiate TestExecutionListener [org.springframework.test.context.jdbc.SqlScriptsTestExecutionListener]. Specify custom listener classes or make the default listener classes (and their required dependencies) available. Offending class: [org/springframework/transaction/interceptor/TransactionAttribute]
2016-06-12 11:25:11.383  INFO 3687 --- [    Test worker] o.s.t.c.web.WebTestContextBootstrapper   : Could not instantiate TestExecutionListener [org.springframework.test.context.transaction.TransactionalTestExecutionListener]. Specify custom listener classes or make the default listener classes (and their required dependencies) available. Offending class: [org/springframework/transaction/interceptor/TransactionAttributeSource]
2016-06-12 11:25:11.383  INFO 3687 --- [    Test worker] o.s.t.c.web.WebTestContextBootstrapper   : Using TestExecutionListeners: [org.springframework.test.context.web.ServletTestExecutionListener@3a7b50ba, org.springframework.test.context.support.DirtiesContextBeforeModesTestExecutionListener@762c270d, org.springframework.test.context.support.DependencyInjectionTestExecutionListener@66722021, org.springframework.test.context.support.DirtiesContextTestExecutionListener@653449a2]
2016-06-12 11:25:11.391  WARN 3687 --- [    Test worker] c.k.d.s.s.utility.ShapeValidityUtility   : Shape width and height must be positive
]]></system-out>
  <system-err><![CDATA[]]></system-err>
</testsuite>
